{
  "stats": {
    "suites": 5,
    "tests": 4,
    "passes": 3,
    "pending": 0,
    "failures": 1,
    "start": "2023-12-17T19:15:38.440Z",
    "end": "2023-12-17T19:15:45.731Z",
    "duration": 7291,
    "testsRegistered": 4,
    "passPercent": 75,
    "pendingPercent": 0,
    "other": 0,
    "hasOther": false,
    "skipped": 0,
    "hasSkipped": false
  },
  "results": [
    {
      "uuid": "f62c0ff7-3169-4d21-9d73-ff34ba0bce4e",
      "title": "",
      "fullFile": "cypress\\e2e\\test.cy.js",
      "file": "cypress\\e2e\\test.cy.js",
      "beforeHooks": [],
      "afterHooks": [],
      "tests": [],
      "suites": [
        {
          "uuid": "ceb1fdf9-e54f-4302-afd4-864bfccde793",
          "title": "Mocha’s interface",
          "fullFile": "",
          "file": "",
          "beforeHooks": [],
          "afterHooks": [],
          "tests": [],
          "suites": [
            {
              "uuid": "f565fec1-3e0e-4e0f-8a1e-2871d3a1b274",
              "title": "it provides a way to keep tests easier to read and organized.",
              "fullFile": "",
              "file": "",
              "beforeHooks": [],
              "afterHooks": [],
              "tests": [
                {
                  "title": "This is your test case",
                  "fullTitle": "Mocha’s interface it provides a way to keep tests easier to read and organized. This is your test case",
                  "timedOut": null,
                  "duration": 16,
                  "state": "passed",
                  "speed": "fast",
                  "pass": true,
                  "fail": false,
                  "pending": false,
                  "context": null,
                  "code": "// tag:smoke\nexpect(true).to.eq(true);",
                  "err": {},
                  "uuid": "5525fb12-5a1b-4e1e-8b30-b5f9e2493780",
                  "parentUUID": "f565fec1-3e0e-4e0f-8a1e-2871d3a1b274",
                  "isHook": false,
                  "skipped": false
                }
              ],
              "suites": [],
              "passes": [
                "5525fb12-5a1b-4e1e-8b30-b5f9e2493780"
              ],
              "failures": [],
              "pending": [],
              "skipped": [],
              "duration": 16,
              "root": false,
              "rootEmpty": false,
              "_timeout": 2000
            }
          ],
          "passes": [],
          "failures": [],
          "pending": [],
          "skipped": [],
          "duration": 0,
          "root": false,
          "rootEmpty": false,
          "_timeout": 2000
        },
        {
          "uuid": "2fc43175-2712-4f55-9ad6-c6e8dc915882",
          "title": "produtos API",
          "fullFile": "",
          "file": "",
          "beforeHooks": [],
          "afterHooks": [],
          "tests": [
            {
              "title": "returns JSON",
              "fullTitle": "produtos API returns JSON",
              "timedOut": null,
              "duration": 352,
              "state": "passed",
              "speed": "fast",
              "pass": true,
              "fail": false,
              "pending": false,
              "context": null,
              "code": "cy.request('/produtos').its('headers').its('content-type').should('include', 'application/json');",
              "err": {},
              "uuid": "9ab7f56d-482d-4928-bc84-5d95e79770ab",
              "parentUUID": "2fc43175-2712-4f55-9ad6-c6e8dc915882",
              "isHook": false,
              "skipped": false
            },
            {
              "title": "loads 17 items",
              "fullTitle": "produtos API loads 17 items",
              "timedOut": null,
              "duration": 4314,
              "state": "failed",
              "speed": null,
              "pass": false,
              "fail": true,
              "pending": false,
              "context": null,
              "code": "cy.request('/produtos').its('body.produtos').should('have.length', 17);",
              "err": {
                "message": "AssertionError: Timed out retrying after 4000ms: expected [ Array(2) ] to have a length of 17 but got 2",
                "estack": "AssertionError: Timed out retrying after 4000ms: expected [ Array(2) ] to have a length of 17 but got 2\n    at Context.eval (webpack://api-testing-project-1-cypress/./cypress/e2e/test.cy.js:23:9)",
                "diff": "- 2\n+ 17\n"
              },
              "uuid": "f1e506c6-12b5-4d0c-b8ea-7859913d3ee7",
              "parentUUID": "2fc43175-2712-4f55-9ad6-c6e8dc915882",
              "isHook": false,
              "skipped": false
            }
          ],
          "suites": [],
          "passes": [
            "9ab7f56d-482d-4928-bc84-5d95e79770ab"
          ],
          "failures": [
            "f1e506c6-12b5-4d0c-b8ea-7859913d3ee7"
          ],
          "pending": [],
          "skipped": [],
          "duration": 4666,
          "root": false,
          "rootEmpty": false,
          "_timeout": 2000
        },
        {
          "uuid": "b9c97689-ea13-4815-adf6-62081aca9080",
          "title": "Given api GET /produtos",
          "fullFile": "",
          "file": "",
          "beforeHooks": [],
          "afterHooks": [],
          "tests": [],
          "suites": [
            {
              "uuid": "1b31088f-34bd-446f-ac3b-b8c72699cb04",
              "title": "When I intercept the response",
              "fullFile": "",
              "file": "",
              "beforeHooks": [],
              "afterHooks": [],
              "tests": [
                {
                  "title": "should return a product from my-product.json file",
                  "fullTitle": "Given api GET /produtos When I intercept the response should return a product from my-product.json file",
                  "timedOut": null,
                  "duration": 2476,
                  "state": "passed",
                  "speed": "fast",
                  "pass": true,
                  "fail": false,
                  "pending": false,
                  "context": null,
                  "code": "cy.intercept('GET', '/produtos', {\n  fixture: 'my-product.json'\n}).as('h');\ncy.visit('https://serverest.dev');\ncy.get('#operations-Produtos-get_produtos > .opblock-summary > .opblock-summary-control > .opblock-summary-method').click();\ncy.get('.try-out > .btn').click();\ncy.get('.execute-wrapper > .btn').click();\ncy.wait('@h').its('response').then(response => {\n  cy.wrap(response).its('statusCode').should('eq', 200);\n  cy.wrap(response).its('body._id').should('eq', 'My-BeeJh5lz3k6kSIzA');\n});",
                  "err": {},
                  "uuid": "e6443256-e40a-48a8-ae7e-01554ff415d4",
                  "parentUUID": "1b31088f-34bd-446f-ac3b-b8c72699cb04",
                  "isHook": false,
                  "skipped": false
                }
              ],
              "suites": [],
              "passes": [
                "e6443256-e40a-48a8-ae7e-01554ff415d4"
              ],
              "failures": [],
              "pending": [],
              "skipped": [],
              "duration": 2476,
              "root": false,
              "rootEmpty": false,
              "_timeout": 2000
            }
          ],
          "passes": [],
          "failures": [],
          "pending": [],
          "skipped": [],
          "duration": 0,
          "root": false,
          "rootEmpty": false,
          "_timeout": 2000
        }
      ],
      "passes": [],
      "failures": [],
      "pending": [],
      "skipped": [],
      "duration": 0,
      "root": true,
      "rootEmpty": true,
      "_timeout": 2000
    }
  ],
  "meta": {
    "mocha": {
      "version": "7.0.1"
    },
    "mochawesome": {
      "options": {
        "quiet": false,
        "reportFilename": "mochawesome",
        "saveHtml": false,
        "saveJson": true,
        "consoleReporter": "spec",
        "useInlineDiffs": false,
        "code": true
      },
      "version": "7.1.3"
    },
    "marge": {
      "options": {
        "id": "default",
        "reportDir": "cypress/reports/mocha",
        "quite": true,
        "overwrite": false,
        "html": false,
        "json": true
      },
      "version": "6.2.0"
    }
  }
}