{
  "stats": {
    "suites": 4,
    "tests": 3,
    "passes": 3,
    "pending": 0,
    "failures": 0,
    "start": "2023-12-17T19:15:53.296Z",
    "end": "2023-12-17T19:15:53.939Z",
    "duration": 643,
    "testsRegistered": 3,
    "passPercent": 100,
    "pendingPercent": 0,
    "other": 0,
    "hasOther": false,
    "skipped": 0,
    "hasSkipped": false
  },
  "results": [
    {
      "uuid": "b9112fba-5717-4ee8-8ea5-ea902b6a9a4e",
      "title": "",
      "fullFile": "cypress\\e2e\\Users\\POSTUsuarios.cy.js",
      "file": "cypress\\e2e\\Users\\POSTUsuarios.cy.js",
      "beforeHooks": [],
      "afterHooks": [],
      "tests": [],
      "suites": [
        {
          "uuid": "78884ef6-b45a-4d64-ae49-6bb96958a92d",
          "title": "Given the Users api",
          "fullFile": "",
          "file": "",
          "beforeHooks": [],
          "afterHooks": [],
          "tests": [],
          "suites": [
            {
              "uuid": "1ef1f580-c370-4729-bdb2-467ac5fd8bb8",
              "title": "When I send POST /usuarios",
              "fullFile": "",
              "file": "",
              "beforeHooks": [],
              "afterHooks": [],
              "tests": [
                {
                  "title": "Then it should create a new user",
                  "fullTitle": "Given the Users api When I send POST /usuarios Then it should create a new user",
                  "timedOut": null,
                  "duration": 214,
                  "state": "passed",
                  "speed": "fast",
                  "pass": true,
                  "fail": false,
                  "pending": false,
                  "context": null,
                  "code": "cy.request({\n  method: 'POST',\n  url: '/usuarios',\n  body: fakeUser\n}).should(response => {\n  expect(response.status).eq(201);\n  expect(response.body.message).eq(\"Cadastro realizado com sucesso\");\n});",
                  "err": {},
                  "uuid": "74036833-825c-4eb9-ab1b-ed64339d6595",
                  "parentUUID": "1ef1f580-c370-4729-bdb2-467ac5fd8bb8",
                  "isHook": false,
                  "skipped": false
                }
              ],
              "suites": [],
              "passes": [
                "74036833-825c-4eb9-ab1b-ed64339d6595"
              ],
              "failures": [],
              "pending": [],
              "skipped": [],
              "duration": 214,
              "root": false,
              "rootEmpty": false,
              "_timeout": 2000
            },
            {
              "uuid": "ccef01e8-63cc-4bd1-9eb3-be0cab8068fe",
              "title": "When I send POST /usuarios without email",
              "fullFile": "",
              "file": "",
              "beforeHooks": [],
              "afterHooks": [],
              "tests": [
                {
                  "title": "Then the error meassage should be displayed",
                  "fullTitle": "Given the Users api When I send POST /usuarios without email Then the error meassage should be displayed",
                  "timedOut": null,
                  "duration": 178,
                  "state": "passed",
                  "speed": "fast",
                  "pass": true,
                  "fail": false,
                  "pending": false,
                  "context": null,
                  "code": "// filter out email by JSON.stringify()\nconst userWithoutEmail = JSON.stringify(fakeUser, function (key, value) {\n  if (key == 'email') return undefined;else return value;\n});\ncy.request({\n  method: 'POST',\n  url: '/usuarios',\n  body: userWithoutEmail,\n  failOnStatusCode: false\n}).should(response => {\n  expect(response.status).eq(400);\n  expect(response.body.email).eq(\"email é obrigatório\");\n});",
                  "err": {},
                  "uuid": "9778b368-a307-4878-ab11-60c3cc984574",
                  "parentUUID": "ccef01e8-63cc-4bd1-9eb3-be0cab8068fe",
                  "isHook": false,
                  "skipped": false
                }
              ],
              "suites": [],
              "passes": [
                "9778b368-a307-4878-ab11-60c3cc984574"
              ],
              "failures": [],
              "pending": [],
              "skipped": [],
              "duration": 178,
              "root": false,
              "rootEmpty": false,
              "_timeout": 2000
            },
            {
              "uuid": "46df6192-594a-4df1-94a3-826b36f6f66f",
              "title": "When I send POST /usuarios with already registered email",
              "fullFile": "",
              "file": "",
              "beforeHooks": [],
              "afterHooks": [],
              "tests": [
                {
                  "title": "Then the error message should be returned",
                  "fullTitle": "Given the Users api When I send POST /usuarios with already registered email Then the error message should be returned",
                  "timedOut": null,
                  "duration": 184,
                  "state": "passed",
                  "speed": "fast",
                  "pass": true,
                  "fail": false,
                  "pending": false,
                  "context": null,
                  "code": "cy.fixture('user.json').then(registeredUser => {\n  cy.request({\n    method: 'POST',\n    url: '/usuarios',\n    body: JSON.stringify(registeredUser),\n    failOnStatusCode: false\n  }).should(response => {\n    expect(response.status).eq(400);\n  });\n});",
                  "err": {},
                  "uuid": "c673f755-f061-4d38-87fb-9080c53ee5cd",
                  "parentUUID": "46df6192-594a-4df1-94a3-826b36f6f66f",
                  "isHook": false,
                  "skipped": false
                }
              ],
              "suites": [],
              "passes": [
                "c673f755-f061-4d38-87fb-9080c53ee5cd"
              ],
              "failures": [],
              "pending": [],
              "skipped": [],
              "duration": 184,
              "root": false,
              "rootEmpty": false,
              "_timeout": 2000
            }
          ],
          "passes": [],
          "failures": [],
          "pending": [],
          "skipped": [],
          "duration": 0,
          "root": false,
          "rootEmpty": false,
          "_timeout": 2000
        }
      ],
      "passes": [],
      "failures": [],
      "pending": [],
      "skipped": [],
      "duration": 0,
      "root": true,
      "rootEmpty": true,
      "_timeout": 2000
    }
  ],
  "meta": {
    "mocha": {
      "version": "7.0.1"
    },
    "mochawesome": {
      "options": {
        "quiet": false,
        "reportFilename": "mochawesome",
        "saveHtml": false,
        "saveJson": true,
        "consoleReporter": "spec",
        "useInlineDiffs": false,
        "code": true
      },
      "version": "7.1.3"
    },
    "marge": {
      "options": {
        "id": "default",
        "reportDir": "cypress/reports/mocha",
        "quite": true,
        "overwrite": false,
        "html": false,
        "json": true
      },
      "version": "6.2.0"
    }
  }
}